<?xml version="1.0" encoding="UTF-8"?>
<testng-results skipped="0" failed="4" ignored="0" total="4" passed="0">
  <reporter-output>
    <line>
      <![CDATA[---->>>>>> Working Directory = /Users/himanshujoshi/discovery-api-test <<<<<<----]]>
    </line>
    <line>
      <![CDATA[PRODUCT -> Tokyo Disneyland OR DisneySea
]]>
    </line>
    <line>
      <![CDATA[Base URL: /en-id/v2/trip/booking/bookingPage]]>
    </line>
    <line>
      <![CDATA[Base URL: https://api.xpe.traveloka.com]]>
    </line>
    <line>
      <![CDATA[Final URL: https://api.xpe.traveloka.com/en-id/v2/experience/ticketList]]>
    </line>
    <line>
      <![CDATA[
FINAL REQUEST: ]]>
    </line>
    <line>
      <![CDATA[
{"fields":[],"data":{"experienceId":"1001667115934","currency":"IDR","searchId":"16NB865V6"},"context":{"tvLifetime":"RR8HsWZUS0ZTdRL37om0T4MJVCuOv6rW2/+scKxiklmxfyf3rFp+71IDJvcPZ3HX+NYh23H9Sj7L5kwf7ExnBR/+z6esq1KIMbZirOk5zYwKOIoALt9nBnQUjFSMGnA2609eA/R110nr10RR5pozD/ltRmJRe8HpE1MmIyUcfJKasU91bNERY+4M1oKXeEBrDMOYgLFZcPtnR0EAW6WkwlJuUFUgW5WRhl1/Br3kxIR+LuCndY0/o34AeWaVEHYLlUvJQkEWXTxmuVtyeNvEJVdrhNK/XI55frdH1RDzjUc=","tvSession":"aHiviipoLebGMEC5qT/rFyetKbMYkzNJ8Zllej/QGhD/yOoQvp48v/HiZJ+IGYwiDmK0YTDCDmC2zUld/Qioqh9rZbfhTTRkVbUX+oRKSdpHe/pxGsWbW7DewHshnZXWuWKGZhQXnkSKuw9tEMhSuE5UbSUIato/JXY2XcmOlO/OgJcxnfJbjDMGDQsiaJRdAtqABjwqMM+IqWJxy5hq0OKU28XEXAQY8JrV8T0EcjZ9ADziIr5DVfgYhro3TaGbpPeQA+09bsU6Okz/94cBcIXotMvo0DYaeoVbMCWkrVvtdodVP0MWKTEuxiej4a0EUEGP3rslrdc3qYxtUo8NkIXOF5soCsrh2lcEgdSEK+JMP/SPCxOBvJsADeaNdy4Q6FXfRIKqImYL59w3Hry/+C0+amYngzxntiXlhwcgaKdCaCV+zDcEyqdozEYoQQCKyrY//EkWL5E1xS16Njf3J+ivKbGHJMQJv2Ys2AqF10BowBu7if1NmbUocwvPseBF3WGlnSOcmvWmaBAeRxrpnnvXM3DUlf0vqkPqNnA20pptvv6ifF39t1qpCuyUWlKQ"},"clientInterface":"mobile-iOS"}]]>
    </line>
    <line>
      <![CDATA[--------------]]>
    </line>
    <line>
      <![CDATA[
=================
Selected Ticket ID-> Tokyo Disneyland Admission - Voucher Redemption]]>
    </line>
    <line>
      <![CDATA[PRODUCT -> Trans Studio Bandung Tickets - Easy Access
]]>
    </line>
    <line>
      <![CDATA[Base URL: /en-id/v2/trip/booking/bookingPage]]>
    </line>
    <line>
      <![CDATA[Base URL: https://api.xpe.traveloka.com]]>
    </line>
    <line>
      <![CDATA[Final URL: https://api.xpe.traveloka.com/en-id/v2/experience/ticketList]]>
    </line>
    <line>
      <![CDATA[
FINAL REQUEST: ]]>
    </line>
    <line>
      <![CDATA[
{"fields":[],"data":{"experienceId":"2000100509810","currency":"IDR","searchId":"16NB865V6"},"context":{"tvLifetime":"RR8HsWZUS0ZTdRL37om0T4MJVCuOv6rW2/+scKxiklmxfyf3rFp+71IDJvcPZ3HX+NYh23H9Sj7L5kwf7ExnBR/+z6esq1KIMbZirOk5zYwKOIoALt9nBnQUjFSMGnA2609eA/R110nr10RR5pozD/ltRmJRe8HpE1MmIyUcfJKasU91bNERY+4M1oKXeEBrDMOYgLFZcPtnR0EAW6WkwlJuUFUgW5WRhl1/Br3kxIR+LuCndY0/o34AeWaVEHYLlUvJQkEWXTxmuVtyeNvEJVdrhNK/XI55frdH1RDzjUc=","tvSession":"aHiviipoLebGMEC5qT/rFyetKbMYkzNJ8Zllej/QGhD/yOoQvp48v/HiZJ+IGYwiDmK0YTDCDmC2zUld/Qioqh9rZbfhTTRkVbUX+oRKSdpHe/pxGsWbW7DewHshnZXWuWKGZhQXnkSKuw9tEMhSuE5UbSUIato/JXY2XcmOlO/OgJcxnfJbjDMGDQsiaJRdAtqABjwqMM+IqWJxy5hq0OKU28XEXAQY8JrV8T0EcjZ9ADziIr5DVfgYhro3TaGbpPeQA+09bsU6Okz/94cBcIXotMvo0DYaeoVbMCWkrVvtdodVP0MWKTEuxiej4a0EUEGP3rslrdc3qYxtUo8NkIXOF5soCsrh2lcEgdSEK+JMP/SPCxOBvJsADeaNdy4Q6FXfRIKqImYL59w3Hry/+C0+amYngzxntiXlhwcgaKdCaCV+zDcEyqdozEYoQQCKyrY//EkWL5E1xS16Njf3J+ivKbGHJMQJv2Ys2AqF10BowBu7if1NmbUocwvPseBF3WGlnSOcmvWmaBAeRxrpnnvXM3DUlf0vqkPqNnA20pptvv6ifF39t1qpCuyUWlKQ"},"clientInterface":"mobile-iOS"}]]>
    </line>
    <line>
      <![CDATA[--------------]]>
    </line>
    <line>
      <![CDATA[
=================
Selected Ticket ID-> Weekday Admission Ticket (AWD) - Easy Access]]>
    </line>
    <line>
      <![CDATA[Date Selected: 28/5/2019]]>
    </line>
    <line>
      <![CDATA[FINAL REQUEST: {"fields":[],"data":{"addOnProductSpecs":[],"currency":"IDR","selectedPrice":{"selectedPrice":{"amount":327600,"currency":"IDR","nullOrEmpty":false}},"selectedProductSpec":{"experienceBookingPageSpec":{"experienceBookingTicketEntranceType":[{"identifier":"ADULT","number":"2","totalPrice":{"currencyValue":{"amount":"163800","currency":"IDR","nullOrEmpty":false},"numOfDecimalPoint":"0"}}],"experienceId":"2000100509810","providerId":"axes","searchId":"867asd7","selectedTimeSlot":{"label":"All-day Pass","timeSlotId":"0"},"ticketId":"100195.EXP.1.12171","selectedDate":{"day":"28","month":"5","year":"2019"}},"productType":"EXPERIENCE"},"trackingSpec":{"contexts":{},"searchId":"469JD9WQQ"}},"context":{"tvLifetime":"RR8HsWZUS0ZTdRL37om0T4MJVCuOv6rW2/+scKxiklmxfyf3rFp+71IDJvcPZ3HX+NYh23H9Sj7L5kwf7ExnBR/+z6esq1KIMbZirOk5zYwKOIoALt9nBnQUjFSMGnA2609eA/R110nr10RR5pozD/ltRmJRe8HpE1MmIyUcfJKasU91bNERY+4M1oKXeEBrDMOYgLFZcPtnR0EAW6WkwlJuUFUgW5WRhl1/Br3kxIR+LuCndY0/o34AeWaVEHYLlUvJQkEWXTxmuVtyeNvEJVdrhNK/XI55frdH1RDzjUc=","tvSession":"aHiviipoLebGMEC5qT/rFyetKbMYkzNJ8Zllej/QGhD/yOoQvp48v/HiZJ+IGYwiDmK0YTDCDmC2zUld/Qioqh9rZbfhTTRkVbUX+oRKSdpHe/pxGsWbW7DewHshnZXWuWKGZhQXnkSKuw9tEMhSuE5UbSUIato/JXY2XcmOlO/OgJcxnfJbjDMGDQsiaJRdAtqABjwqMM+IqWJxy5hq0OKU28XEXAQY8JrV8T0EcjZ9ADziIr5DVfgYhro3TaGbpPeQA+09bsU6Okz/94cBcIXotMvo0DYaeoVbMCWkrVvtdodVP0MWKTEuxiej4a0EUEGP3rslrdc3qYxtUo8NkIXOF5soCsrh2lcEgdSEK+JMP/SPCxOBvJsADeaNdy4Q6FXfRIKqImYL59w3Hry/+C0+amYngzxntiXlhwcgaKdCaCV+zDcEyqdozEYoQQCKyrY//EkWL5E1xS16Njf3J+ivKbGHJMQJv2Ys2AqF10BowBu7if1NmbUocwvPseBF3WGlnSOcmvWmaBAeRxrpnnvXM3DUlf0vqkPqNnA20pptvv6ifF39t1qpCuyUWlKQ"},"clientInterface":"mobile-iOS"}]]>
    </line>
    <line>
      <![CDATA[Base URL: https://api.trp.traveloka.com]]>
    </line>
    <line>
      <![CDATA[Final URL: https://api.trp.traveloka.com/en-id/v2/trip/booking/bookingPage]]>
    </line>
    <line>
      <![CDATA[
FINAL REQUEST: ]]>
    </line>
    <line>
      <![CDATA[
{"fields":[],"data":{"addOnProductSpecs":[],"currency":"IDR","selectedPrice":{"selectedPrice":{"amount":327600,"currency":"IDR","nullOrEmpty":false}},"selectedProductSpec":{"experienceBookingPageSpec":{"experienceBookingTicketEntranceType":[{"identifier":"ADULT","number":"2","totalPrice":{"currencyValue":{"amount":"163800","currency":"IDR","nullOrEmpty":false},"numOfDecimalPoint":"0"}}],"experienceId":"2000100509810","providerId":"axes","searchId":"867asd7","selectedTimeSlot":{"label":"All-day Pass","timeSlotId":"0"},"ticketId":"100195.EXP.1.12171","selectedDate":{"day":"28","month":"5","year":"2019"}},"productType":"EXPERIENCE"},"trackingSpec":{"contexts":{},"searchId":"469JD9WQQ"}},"context":{"tvLifetime":"RR8HsWZUS0ZTdRL37om0T4MJVCuOv6rW2/+scKxiklmxfyf3rFp+71IDJvcPZ3HX+NYh23H9Sj7L5kwf7ExnBR/+z6esq1KIMbZirOk5zYwKOIoALt9nBnQUjFSMGnA2609eA/R110nr10RR5pozD/ltRmJRe8HpE1MmIyUcfJKasU91bNERY+4M1oKXeEBrDMOYgLFZcPtnR0EAW6WkwlJuUFUgW5WRhl1/Br3kxIR+LuCndY0/o34AeWaVEHYLlUvJQkEWXTxmuVtyeNvEJVdrhNK/XI55frdH1RDzjUc=","tvSession":"aHiviipoLebGMEC5qT/rFyetKbMYkzNJ8Zllej/QGhD/yOoQvp48v/HiZJ+IGYwiDmK0YTDCDmC2zUld/Qioqh9rZbfhTTRkVbUX+oRKSdpHe/pxGsWbW7DewHshnZXWuWKGZhQXnkSKuw9tEMhSuE5UbSUIato/JXY2XcmOlO/OgJcxnfJbjDMGDQsiaJRdAtqABjwqMM+IqWJxy5hq0OKU28XEXAQY8JrV8T0EcjZ9ADziIr5DVfgYhro3TaGbpPeQA+09bsU6Okz/94cBcIXotMvo0DYaeoVbMCWkrVvtdodVP0MWKTEuxiej4a0EUEGP3rslrdc3qYxtUo8NkIXOF5soCsrh2lcEgdSEK+JMP/SPCxOBvJsADeaNdy4Q6FXfRIKqImYL59w3Hry/+C0+amYngzxntiXlhwcgaKdCaCV+zDcEyqdozEYoQQCKyrY//EkWL5E1xS16Njf3J+ivKbGHJMQJv2Ys2AqF10BowBu7if1NmbUocwvPseBF3WGlnSOcmvWmaBAeRxrpnnvXM3DUlf0vqkPqNnA20pptvv6ifF39t1qpCuyUWlKQ"},"clientInterface":"mobile-iOS"}]]>
    </line>
    <line>
      <![CDATA[--------------]]>
    </line>
    <line>
      <![CDATA[Ticket Verification succeeded!! 
]]>
    </line>
    <line>
      <![CDATA[
=================
Selected Ticket ID-> Friday Admission Ticket (AFR) - Easy Access]]>
    </line>
    <line>
      <![CDATA[PRODUCT -> SnowBay Waterpark Tickets - Easy Access
]]>
    </line>
    <line>
      <![CDATA[Base URL: /en-id/v2/trip/booking/bookingPage]]>
    </line>
    <line>
      <![CDATA[Base URL: https://api.xpe.traveloka.com]]>
    </line>
    <line>
      <![CDATA[Final URL: https://api.xpe.traveloka.com/en-id/v2/experience/ticketList]]>
    </line>
    <line>
      <![CDATA[
FINAL REQUEST: ]]>
    </line>
    <line>
      <![CDATA[
{"fields":[],"data":{"experienceId":"2001343185232","currency":"IDR","searchId":"16NB865V6"},"context":{"tvLifetime":"RR8HsWZUS0ZTdRL37om0T4MJVCuOv6rW2/+scKxiklmxfyf3rFp+71IDJvcPZ3HX+NYh23H9Sj7L5kwf7ExnBR/+z6esq1KIMbZirOk5zYwKOIoALt9nBnQUjFSMGnA2609eA/R110nr10RR5pozD/ltRmJRe8HpE1MmIyUcfJKasU91bNERY+4M1oKXeEBrDMOYgLFZcPtnR0EAW6WkwlJuUFUgW5WRhl1/Br3kxIR+LuCndY0/o34AeWaVEHYLlUvJQkEWXTxmuVtyeNvEJVdrhNK/XI55frdH1RDzjUc=","tvSession":"aHiviipoLebGMEC5qT/rFyetKbMYkzNJ8Zllej/QGhD/yOoQvp48v/HiZJ+IGYwiDmK0YTDCDmC2zUld/Qioqh9rZbfhTTRkVbUX+oRKSdpHe/pxGsWbW7DewHshnZXWuWKGZhQXnkSKuw9tEMhSuE5UbSUIato/JXY2XcmOlO/OgJcxnfJbjDMGDQsiaJRdAtqABjwqMM+IqWJxy5hq0OKU28XEXAQY8JrV8T0EcjZ9ADziIr5DVfgYhro3TaGbpPeQA+09bsU6Okz/94cBcIXotMvo0DYaeoVbMCWkrVvtdodVP0MWKTEuxiej4a0EUEGP3rslrdc3qYxtUo8NkIXOF5soCsrh2lcEgdSEK+JMP/SPCxOBvJsADeaNdy4Q6FXfRIKqImYL59w3Hry/+C0+amYngzxntiXlhwcgaKdCaCV+zDcEyqdozEYoQQCKyrY//EkWL5E1xS16Njf3J+ivKbGHJMQJv2Ys2AqF10BowBu7if1NmbUocwvPseBF3WGlnSOcmvWmaBAeRxrpnnvXM3DUlf0vqkPqNnA20pptvv6ifF39t1qpCuyUWlKQ"},"clientInterface":"mobile-iOS"}]]>
    </line>
    <line>
      <![CDATA[--------------]]>
    </line>
    <line>
      <![CDATA[
=================
Selected Ticket ID-> PROMO Ramadan All Day Ticket]]>
    </line>
    <line>
      <![CDATA[Date Selected: 28/5/2019]]>
    </line>
    <line>
      <![CDATA[FINAL REQUEST: {"fields":[],"data":{"addOnProductSpecs":[],"currency":"IDR","selectedPrice":{"selectedPrice":{"amount":100000,"currency":"IDR","nullOrEmpty":false}},"selectedProductSpec":{"experienceBookingPageSpec":{"experienceBookingTicketEntranceType":[{"identifier":"PAX","number":"2","totalPrice":{"currencyValue":{"amount":"50000","currency":"IDR","nullOrEmpty":false},"numOfDecimalPoint":"0"}}],"experienceId":"2001343185232","providerId":"axes","searchId":"867asd7","selectedTimeSlot":{"label":"All-day Pass","timeSlotId":"0"},"ticketId":"100252.EXP.1.34753","selectedDate":{"day":"28","month":"5","year":"2019"}},"productType":"EXPERIENCE"},"trackingSpec":{"contexts":{},"searchId":"469JD9WQQ"}},"context":{"tvLifetime":"RR8HsWZUS0ZTdRL37om0T4MJVCuOv6rW2/+scKxiklmxfyf3rFp+71IDJvcPZ3HX+NYh23H9Sj7L5kwf7ExnBR/+z6esq1KIMbZirOk5zYwKOIoALt9nBnQUjFSMGnA2609eA/R110nr10RR5pozD/ltRmJRe8HpE1MmIyUcfJKasU91bNERY+4M1oKXeEBrDMOYgLFZcPtnR0EAW6WkwlJuUFUgW5WRhl1/Br3kxIR+LuCndY0/o34AeWaVEHYLlUvJQkEWXTxmuVtyeNvEJVdrhNK/XI55frdH1RDzjUc=","tvSession":"aHiviipoLebGMEC5qT/rFyetKbMYkzNJ8Zllej/QGhD/yOoQvp48v/HiZJ+IGYwiDmK0YTDCDmC2zUld/Qioqh9rZbfhTTRkVbUX+oRKSdpHe/pxGsWbW7DewHshnZXWuWKGZhQXnkSKuw9tEMhSuE5UbSUIato/JXY2XcmOlO/OgJcxnfJbjDMGDQsiaJRdAtqABjwqMM+IqWJxy5hq0OKU28XEXAQY8JrV8T0EcjZ9ADziIr5DVfgYhro3TaGbpPeQA+09bsU6Okz/94cBcIXotMvo0DYaeoVbMCWkrVvtdodVP0MWKTEuxiej4a0EUEGP3rslrdc3qYxtUo8NkIXOF5soCsrh2lcEgdSEK+JMP/SPCxOBvJsADeaNdy4Q6FXfRIKqImYL59w3Hry/+C0+amYngzxntiXlhwcgaKdCaCV+zDcEyqdozEYoQQCKyrY//EkWL5E1xS16Njf3J+ivKbGHJMQJv2Ys2AqF10BowBu7if1NmbUocwvPseBF3WGlnSOcmvWmaBAeRxrpnnvXM3DUlf0vqkPqNnA20pptvv6ifF39t1qpCuyUWlKQ"},"clientInterface":"mobile-iOS"}]]>
    </line>
    <line>
      <![CDATA[Base URL: https://api.trp.traveloka.com]]>
    </line>
    <line>
      <![CDATA[Final URL: https://api.trp.traveloka.com/en-id/v2/trip/booking/bookingPage]]>
    </line>
    <line>
      <![CDATA[
FINAL REQUEST: ]]>
    </line>
    <line>
      <![CDATA[
{"fields":[],"data":{"addOnProductSpecs":[],"currency":"IDR","selectedPrice":{"selectedPrice":{"amount":100000,"currency":"IDR","nullOrEmpty":false}},"selectedProductSpec":{"experienceBookingPageSpec":{"experienceBookingTicketEntranceType":[{"identifier":"PAX","number":"2","totalPrice":{"currencyValue":{"amount":"50000","currency":"IDR","nullOrEmpty":false},"numOfDecimalPoint":"0"}}],"experienceId":"2001343185232","providerId":"axes","searchId":"867asd7","selectedTimeSlot":{"label":"All-day Pass","timeSlotId":"0"},"ticketId":"100252.EXP.1.34753","selectedDate":{"day":"28","month":"5","year":"2019"}},"productType":"EXPERIENCE"},"trackingSpec":{"contexts":{},"searchId":"469JD9WQQ"}},"context":{"tvLifetime":"RR8HsWZUS0ZTdRL37om0T4MJVCuOv6rW2/+scKxiklmxfyf3rFp+71IDJvcPZ3HX+NYh23H9Sj7L5kwf7ExnBR/+z6esq1KIMbZirOk5zYwKOIoALt9nBnQUjFSMGnA2609eA/R110nr10RR5pozD/ltRmJRe8HpE1MmIyUcfJKasU91bNERY+4M1oKXeEBrDMOYgLFZcPtnR0EAW6WkwlJuUFUgW5WRhl1/Br3kxIR+LuCndY0/o34AeWaVEHYLlUvJQkEWXTxmuVtyeNvEJVdrhNK/XI55frdH1RDzjUc=","tvSession":"aHiviipoLebGMEC5qT/rFyetKbMYkzNJ8Zllej/QGhD/yOoQvp48v/HiZJ+IGYwiDmK0YTDCDmC2zUld/Qioqh9rZbfhTTRkVbUX+oRKSdpHe/pxGsWbW7DewHshnZXWuWKGZhQXnkSKuw9tEMhSuE5UbSUIato/JXY2XcmOlO/OgJcxnfJbjDMGDQsiaJRdAtqABjwqMM+IqWJxy5hq0OKU28XEXAQY8JrV8T0EcjZ9ADziIr5DVfgYhro3TaGbpPeQA+09bsU6Okz/94cBcIXotMvo0DYaeoVbMCWkrVvtdodVP0MWKTEuxiej4a0EUEGP3rslrdc3qYxtUo8NkIXOF5soCsrh2lcEgdSEK+JMP/SPCxOBvJsADeaNdy4Q6FXfRIKqImYL59w3Hry/+C0+amYngzxntiXlhwcgaKdCaCV+zDcEyqdozEYoQQCKyrY//EkWL5E1xS16Njf3J+ivKbGHJMQJv2Ys2AqF10BowBu7if1NmbUocwvPseBF3WGlnSOcmvWmaBAeRxrpnnvXM3DUlf0vqkPqNnA20pptvv6ifF39t1qpCuyUWlKQ"},"clientInterface":"mobile-iOS"}]]>
    </line>
    <line>
      <![CDATA[--------------]]>
    </line>
    <line>
      <![CDATA[Ticket Verification succeeded!! 
]]>
    </line>
    <line>
      <![CDATA[
=================
Selected Ticket ID-> Admission Ticket - Easy Access]]>
    </line>
  </reporter-output>
  <suite name="Suite" duration-ms="9147" started-at="2019-05-27T14:25:22Z" finished-at="2019-05-27T14:25:31Z">
    <groups>
      <group name="All">
        <method signature="TopProductTest.testTop200(java.lang.String, java.lang.String, java.lang.String)[pri:0, instance:org.traveloka.experience.TopProductTest@27808f31]" name="testTop200" class="org.traveloka.experience.TopProductTest"/>
      </group> <!-- All -->
    </groups>
    <test name="Test" duration-ms="9147" started-at="2019-05-27T14:25:22Z" finished-at="2019-05-27T14:25:31Z">
      <class name="org.traveloka.experience.TopProductTest">
        <test-method status="PASS" signature="BaseClass()[pri:0, instance:org.traveloka.experience.TopProductTest@27808f31]" name="BaseClass" is-config="true" duration-ms="537" started-at="2019-05-27T14:25:21Z" finished-at="2019-05-27T14:25:22Z">
          <reporter-output>
          </reporter-output>
        </test-method> <!-- BaseClass -->
        <test-method status="FAIL" signature="testTop200(java.lang.String, java.lang.String, java.lang.String)[pri:0, instance:org.traveloka.experience.TopProductTest@27808f31]" name="testTop200" duration-ms="9137" started-at="2019-05-27T14:25:22Z" description="Booking Page validations" data-provider="CSVReaderForExperience" finished-at="2019-05-27T14:25:31Z">
          <exception class="org.testng.internal.reflect.MethodMatcherException">
            <message>
              <![CDATA[
Data provider mismatch
Method: testTop200([Parameter{index=0, type=java.lang.String, declaredAnnotations=[]}, Parameter{index=1, type=java.lang.String, declaredAnnotations=[]}, Parameter{index=2, type=java.lang.String, declaredAnnotations=[]}])
Arguments: [(java.lang.String) ]]]>
            </message>
            <full-stacktrace>
              <![CDATA[org.testng.internal.reflect.MethodMatcherException: 
Data provider mismatch
Method: testTop200([Parameter{index=0, type=java.lang.String, declaredAnnotations=[]}, Parameter{index=1, type=java.lang.String, declaredAnnotations=[]}, Parameter{index=2, type=java.lang.String, declaredAnnotations=[]}])
Arguments: [(java.lang.String) ]
at org.testng.internal.reflect.DataProviderMethodMatcher.getConformingArguments(DataProviderMethodMatcher.java:45)
at org.testng.internal.Parameters.injectParameters(Parameters.java:796)
at org.testng.internal.Invoker.invokeTestMethods(Invoker.java:983)
at org.testng.internal.TestMethodWorker.invokeTestMethods(TestMethodWorker.java:125)
at org.testng.internal.TestMethodWorker.run(TestMethodWorker.java:109)
at java.util.concurrent.ThreadPoolExecutor.runWorker(ThreadPoolExecutor.java:1149)
at java.util.concurrent.ThreadPoolExecutor$Worker.run(ThreadPoolExecutor.java:624)
at java.lang.Thread.run(Thread.java:748)
]]>
            </full-stacktrace>
          </exception> <!-- org.testng.internal.reflect.MethodMatcherException -->
          <reporter-output>
          </reporter-output>
        </test-method> <!-- testTop200 -->
        <test-method status="FAIL" signature="testTop200(java.lang.String, java.lang.String, java.lang.String)[pri:0, instance:org.traveloka.experience.TopProductTest@27808f31]" name="testTop200" duration-ms="4788" started-at="2019-05-27T14:25:22Z" description="Booking Page validations" data-provider="CSVReaderForExperience" finished-at="2019-05-27T14:25:27Z">
          <params>
            <param index="0">
              <value>
                <![CDATA[6]]>
              </value>
            </param>
            <param index="1">
              <value>
                <![CDATA[1001667115934]]>
              </value>
            </param>
            <param index="2">
              <value>
                <![CDATA[Tokyo Disneyland OR DisneySea]]>
              </value>
            </param>
          </params>
          <exception class="java.lang.AssertionError">
            <message>
              <![CDATA[ Date is null]]>
            </message>
            <full-stacktrace>
              <![CDATA[java.lang.AssertionError:  Date is null
at org.traveloka.experience.TopProductTest.testTop200(TopProductTest.java:185)
at sun.reflect.NativeMethodAccessorImpl.invoke0(Native Method)
at sun.reflect.NativeMethodAccessorImpl.invoke(NativeMethodAccessorImpl.java:62)
at sun.reflect.DelegatingMethodAccessorImpl.invoke(DelegatingMethodAccessorImpl.java:43)
at java.lang.reflect.Method.invoke(Method.java:498)
at org.testng.internal.MethodInvocationHelper.invokeMethod(MethodInvocationHelper.java:124)
at org.testng.internal.Invoker.invokeMethod(Invoker.java:583)
at org.testng.internal.Invoker.invokeTestMethod(Invoker.java:719)
at org.testng.internal.Invoker.invokeTestMethods(Invoker.java:989)
at org.testng.internal.TestMethodWorker.invokeTestMethods(TestMethodWorker.java:125)
at org.testng.internal.TestMethodWorker.run(TestMethodWorker.java:109)
at java.util.concurrent.ThreadPoolExecutor.runWorker(ThreadPoolExecutor.java:1149)
at java.util.concurrent.ThreadPoolExecutor$Worker.run(ThreadPoolExecutor.java:624)
at java.lang.Thread.run(Thread.java:748)
]]>
            </full-stacktrace>
          </exception> <!-- java.lang.AssertionError -->
          <reporter-output>
            <line>
              <![CDATA[PRODUCT -> Tokyo Disneyland OR DisneySea
]]>
            </line>
            <line>
              <![CDATA[Base URL: /en-id/v2/trip/booking/bookingPage]]>
            </line>
            <line>
              <![CDATA[Base URL: https://api.xpe.traveloka.com]]>
            </line>
            <line>
              <![CDATA[Final URL: https://api.xpe.traveloka.com/en-id/v2/experience/ticketList]]>
            </line>
            <line>
              <![CDATA[
FINAL REQUEST: ]]>
            </line>
            <line>
              <![CDATA[
{"fields":[],"data":{"experienceId":"1001667115934","currency":"IDR","searchId":"16NB865V6"},"context":{"tvLifetime":"RR8HsWZUS0ZTdRL37om0T4MJVCuOv6rW2/+scKxiklmxfyf3rFp+71IDJvcPZ3HX+NYh23H9Sj7L5kwf7ExnBR/+z6esq1KIMbZirOk5zYwKOIoALt9nBnQUjFSMGnA2609eA/R110nr10RR5pozD/ltRmJRe8HpE1MmIyUcfJKasU91bNERY+4M1oKXeEBrDMOYgLFZcPtnR0EAW6WkwlJuUFUgW5WRhl1/Br3kxIR+LuCndY0/o34AeWaVEHYLlUvJQkEWXTxmuVtyeNvEJVdrhNK/XI55frdH1RDzjUc=","tvSession":"aHiviipoLebGMEC5qT/rFyetKbMYkzNJ8Zllej/QGhD/yOoQvp48v/HiZJ+IGYwiDmK0YTDCDmC2zUld/Qioqh9rZbfhTTRkVbUX+oRKSdpHe/pxGsWbW7DewHshnZXWuWKGZhQXnkSKuw9tEMhSuE5UbSUIato/JXY2XcmOlO/OgJcxnfJbjDMGDQsiaJRdAtqABjwqMM+IqWJxy5hq0OKU28XEXAQY8JrV8T0EcjZ9ADziIr5DVfgYhro3TaGbpPeQA+09bsU6Okz/94cBcIXotMvo0DYaeoVbMCWkrVvtdodVP0MWKTEuxiej4a0EUEGP3rslrdc3qYxtUo8NkIXOF5soCsrh2lcEgdSEK+JMP/SPCxOBvJsADeaNdy4Q6FXfRIKqImYL59w3Hry/+C0+amYngzxntiXlhwcgaKdCaCV+zDcEyqdozEYoQQCKyrY//EkWL5E1xS16Njf3J+ivKbGHJMQJv2Ys2AqF10BowBu7if1NmbUocwvPseBF3WGlnSOcmvWmaBAeRxrpnnvXM3DUlf0vqkPqNnA20pptvv6ifF39t1qpCuyUWlKQ"},"clientInterface":"mobile-iOS"}]]>
            </line>
            <line>
              <![CDATA[--------------]]>
            </line>
            <line>
              <![CDATA[
=================
Selected Ticket ID-> Tokyo Disneyland Admission - Voucher Redemption]]>
            </line>
          </reporter-output>
        </test-method> <!-- testTop200 -->
        <test-method status="PASS" signature="updateTestRail(org.testng.ITestResult, java.lang.reflect.Method)[pri:0, instance:org.traveloka.experience.TopProductTest@27808f31]" name="updateTestRail" is-config="true" duration-ms="1" started-at="2019-05-27T14:25:27Z" finished-at="2019-05-27T14:25:27Z">
          <params>
            <param index="0">
              <value>
                <![CDATA[[TestResult name=testTop200 status=FAILURE method=TopProductTest.testTop200(java.lang.String, java.lang.String, java.lang.String)[pri:0, instance:org.traveloka.experience.TopProductTest@27808f31] output=PRODUCT -> Tokyo Disneyland OR DisneySea
]]]>
              </value>
            </param>
            <param index="1">
              <value>
                <![CDATA[public void org.traveloka.experience.TopProductTest.testTop200(java.lang.String,java.lang.String,java.lang.String) throws java.lang.Exception]]>
              </value>
            </param>
          </params>
          <reporter-output>
          </reporter-output>
        </test-method> <!-- updateTestRail -->
        <test-method status="FAIL" signature="testTop200(java.lang.String, java.lang.String, java.lang.String)[pri:0, instance:org.traveloka.experience.TopProductTest@27808f31]" name="testTop200" duration-ms="1581" started-at="2019-05-27T14:25:27Z" description="Booking Page validations" data-provider="CSVReaderForExperience" finished-at="2019-05-27T14:25:28Z">
          <params>
            <param index="0">
              <value>
                <![CDATA[5]]>
              </value>
            </param>
            <param index="1">
              <value>
                <![CDATA[2000100509810]]>
              </value>
            </param>
            <param index="2">
              <value>
                <![CDATA[Trans Studio Bandung Tickets - Easy Access]]>
              </value>
            </param>
          </params>
          <exception class="java.lang.AssertionError">
            <message>
              <![CDATA[ Date is null]]>
            </message>
            <full-stacktrace>
              <![CDATA[java.lang.AssertionError:  Date is null
at org.traveloka.experience.TopProductTest.testTop200(TopProductTest.java:185)
at sun.reflect.NativeMethodAccessorImpl.invoke0(Native Method)
at sun.reflect.NativeMethodAccessorImpl.invoke(NativeMethodAccessorImpl.java:62)
at sun.reflect.DelegatingMethodAccessorImpl.invoke(DelegatingMethodAccessorImpl.java:43)
at java.lang.reflect.Method.invoke(Method.java:498)
at org.testng.internal.MethodInvocationHelper.invokeMethod(MethodInvocationHelper.java:124)
at org.testng.internal.Invoker.invokeMethod(Invoker.java:583)
at org.testng.internal.Invoker.invokeTestMethod(Invoker.java:719)
at org.testng.internal.Invoker.invokeTestMethods(Invoker.java:989)
at org.testng.internal.TestMethodWorker.invokeTestMethods(TestMethodWorker.java:125)
at org.testng.internal.TestMethodWorker.run(TestMethodWorker.java:109)
at java.util.concurrent.ThreadPoolExecutor.runWorker(ThreadPoolExecutor.java:1149)
at java.util.concurrent.ThreadPoolExecutor$Worker.run(ThreadPoolExecutor.java:624)
at java.lang.Thread.run(Thread.java:748)
]]>
            </full-stacktrace>
          </exception> <!-- java.lang.AssertionError -->
          <reporter-output>
            <line>
              <![CDATA[PRODUCT -> Trans Studio Bandung Tickets - Easy Access
]]>
            </line>
            <line>
              <![CDATA[Base URL: /en-id/v2/trip/booking/bookingPage]]>
            </line>
            <line>
              <![CDATA[Base URL: https://api.xpe.traveloka.com]]>
            </line>
            <line>
              <![CDATA[Final URL: https://api.xpe.traveloka.com/en-id/v2/experience/ticketList]]>
            </line>
            <line>
              <![CDATA[
FINAL REQUEST: ]]>
            </line>
            <line>
              <![CDATA[
{"fields":[],"data":{"experienceId":"2000100509810","currency":"IDR","searchId":"16NB865V6"},"context":{"tvLifetime":"RR8HsWZUS0ZTdRL37om0T4MJVCuOv6rW2/+scKxiklmxfyf3rFp+71IDJvcPZ3HX+NYh23H9Sj7L5kwf7ExnBR/+z6esq1KIMbZirOk5zYwKOIoALt9nBnQUjFSMGnA2609eA/R110nr10RR5pozD/ltRmJRe8HpE1MmIyUcfJKasU91bNERY+4M1oKXeEBrDMOYgLFZcPtnR0EAW6WkwlJuUFUgW5WRhl1/Br3kxIR+LuCndY0/o34AeWaVEHYLlUvJQkEWXTxmuVtyeNvEJVdrhNK/XI55frdH1RDzjUc=","tvSession":"aHiviipoLebGMEC5qT/rFyetKbMYkzNJ8Zllej/QGhD/yOoQvp48v/HiZJ+IGYwiDmK0YTDCDmC2zUld/Qioqh9rZbfhTTRkVbUX+oRKSdpHe/pxGsWbW7DewHshnZXWuWKGZhQXnkSKuw9tEMhSuE5UbSUIato/JXY2XcmOlO/OgJcxnfJbjDMGDQsiaJRdAtqABjwqMM+IqWJxy5hq0OKU28XEXAQY8JrV8T0EcjZ9ADziIr5DVfgYhro3TaGbpPeQA+09bsU6Okz/94cBcIXotMvo0DYaeoVbMCWkrVvtdodVP0MWKTEuxiej4a0EUEGP3rslrdc3qYxtUo8NkIXOF5soCsrh2lcEgdSEK+JMP/SPCxOBvJsADeaNdy4Q6FXfRIKqImYL59w3Hry/+C0+amYngzxntiXlhwcgaKdCaCV+zDcEyqdozEYoQQCKyrY//EkWL5E1xS16Njf3J+ivKbGHJMQJv2Ys2AqF10BowBu7if1NmbUocwvPseBF3WGlnSOcmvWmaBAeRxrpnnvXM3DUlf0vqkPqNnA20pptvv6ifF39t1qpCuyUWlKQ"},"clientInterface":"mobile-iOS"}]]>
            </line>
            <line>
              <![CDATA[--------------]]>
            </line>
            <line>
              <![CDATA[
=================
Selected Ticket ID-> Weekday Admission Ticket (AWD) - Easy Access]]>
            </line>
            <line>
              <![CDATA[Date Selected: 28/5/2019]]>
            </line>
            <line>
              <![CDATA[FINAL REQUEST: {"fields":[],"data":{"addOnProductSpecs":[],"currency":"IDR","selectedPrice":{"selectedPrice":{"amount":327600,"currency":"IDR","nullOrEmpty":false}},"selectedProductSpec":{"experienceBookingPageSpec":{"experienceBookingTicketEntranceType":[{"identifier":"ADULT","number":"2","totalPrice":{"currencyValue":{"amount":"163800","currency":"IDR","nullOrEmpty":false},"numOfDecimalPoint":"0"}}],"experienceId":"2000100509810","providerId":"axes","searchId":"867asd7","selectedTimeSlot":{"label":"All-day Pass","timeSlotId":"0"},"ticketId":"100195.EXP.1.12171","selectedDate":{"day":"28","month":"5","year":"2019"}},"productType":"EXPERIENCE"},"trackingSpec":{"contexts":{},"searchId":"469JD9WQQ"}},"context":{"tvLifetime":"RR8HsWZUS0ZTdRL37om0T4MJVCuOv6rW2/+scKxiklmxfyf3rFp+71IDJvcPZ3HX+NYh23H9Sj7L5kwf7ExnBR/+z6esq1KIMbZirOk5zYwKOIoALt9nBnQUjFSMGnA2609eA/R110nr10RR5pozD/ltRmJRe8HpE1MmIyUcfJKasU91bNERY+4M1oKXeEBrDMOYgLFZcPtnR0EAW6WkwlJuUFUgW5WRhl1/Br3kxIR+LuCndY0/o34AeWaVEHYLlUvJQkEWXTxmuVtyeNvEJVdrhNK/XI55frdH1RDzjUc=","tvSession":"aHiviipoLebGMEC5qT/rFyetKbMYkzNJ8Zllej/QGhD/yOoQvp48v/HiZJ+IGYwiDmK0YTDCDmC2zUld/Qioqh9rZbfhTTRkVbUX+oRKSdpHe/pxGsWbW7DewHshnZXWuWKGZhQXnkSKuw9tEMhSuE5UbSUIato/JXY2XcmOlO/OgJcxnfJbjDMGDQsiaJRdAtqABjwqMM+IqWJxy5hq0OKU28XEXAQY8JrV8T0EcjZ9ADziIr5DVfgYhro3TaGbpPeQA+09bsU6Okz/94cBcIXotMvo0DYaeoVbMCWkrVvtdodVP0MWKTEuxiej4a0EUEGP3rslrdc3qYxtUo8NkIXOF5soCsrh2lcEgdSEK+JMP/SPCxOBvJsADeaNdy4Q6FXfRIKqImYL59w3Hry/+C0+amYngzxntiXlhwcgaKdCaCV+zDcEyqdozEYoQQCKyrY//EkWL5E1xS16Njf3J+ivKbGHJMQJv2Ys2AqF10BowBu7if1NmbUocwvPseBF3WGlnSOcmvWmaBAeRxrpnnvXM3DUlf0vqkPqNnA20pptvv6ifF39t1qpCuyUWlKQ"},"clientInterface":"mobile-iOS"}]]>
            </line>
            <line>
              <![CDATA[Base URL: https://api.trp.traveloka.com]]>
            </line>
            <line>
              <![CDATA[Final URL: https://api.trp.traveloka.com/en-id/v2/trip/booking/bookingPage]]>
            </line>
            <line>
              <![CDATA[
FINAL REQUEST: ]]>
            </line>
            <line>
              <![CDATA[
{"fields":[],"data":{"addOnProductSpecs":[],"currency":"IDR","selectedPrice":{"selectedPrice":{"amount":327600,"currency":"IDR","nullOrEmpty":false}},"selectedProductSpec":{"experienceBookingPageSpec":{"experienceBookingTicketEntranceType":[{"identifier":"ADULT","number":"2","totalPrice":{"currencyValue":{"amount":"163800","currency":"IDR","nullOrEmpty":false},"numOfDecimalPoint":"0"}}],"experienceId":"2000100509810","providerId":"axes","searchId":"867asd7","selectedTimeSlot":{"label":"All-day Pass","timeSlotId":"0"},"ticketId":"100195.EXP.1.12171","selectedDate":{"day":"28","month":"5","year":"2019"}},"productType":"EXPERIENCE"},"trackingSpec":{"contexts":{},"searchId":"469JD9WQQ"}},"context":{"tvLifetime":"RR8HsWZUS0ZTdRL37om0T4MJVCuOv6rW2/+scKxiklmxfyf3rFp+71IDJvcPZ3HX+NYh23H9Sj7L5kwf7ExnBR/+z6esq1KIMbZirOk5zYwKOIoALt9nBnQUjFSMGnA2609eA/R110nr10RR5pozD/ltRmJRe8HpE1MmIyUcfJKasU91bNERY+4M1oKXeEBrDMOYgLFZcPtnR0EAW6WkwlJuUFUgW5WRhl1/Br3kxIR+LuCndY0/o34AeWaVEHYLlUvJQkEWXTxmuVtyeNvEJVdrhNK/XI55frdH1RDzjUc=","tvSession":"aHiviipoLebGMEC5qT/rFyetKbMYkzNJ8Zllej/QGhD/yOoQvp48v/HiZJ+IGYwiDmK0YTDCDmC2zUld/Qioqh9rZbfhTTRkVbUX+oRKSdpHe/pxGsWbW7DewHshnZXWuWKGZhQXnkSKuw9tEMhSuE5UbSUIato/JXY2XcmOlO/OgJcxnfJbjDMGDQsiaJRdAtqABjwqMM+IqWJxy5hq0OKU28XEXAQY8JrV8T0EcjZ9ADziIr5DVfgYhro3TaGbpPeQA+09bsU6Okz/94cBcIXotMvo0DYaeoVbMCWkrVvtdodVP0MWKTEuxiej4a0EUEGP3rslrdc3qYxtUo8NkIXOF5soCsrh2lcEgdSEK+JMP/SPCxOBvJsADeaNdy4Q6FXfRIKqImYL59w3Hry/+C0+amYngzxntiXlhwcgaKdCaCV+zDcEyqdozEYoQQCKyrY//EkWL5E1xS16Njf3J+ivKbGHJMQJv2Ys2AqF10BowBu7if1NmbUocwvPseBF3WGlnSOcmvWmaBAeRxrpnnvXM3DUlf0vqkPqNnA20pptvv6ifF39t1qpCuyUWlKQ"},"clientInterface":"mobile-iOS"}]]>
            </line>
            <line>
              <![CDATA[--------------]]>
            </line>
            <line>
              <![CDATA[Ticket Verification succeeded!! 
]]>
            </line>
            <line>
              <![CDATA[
=================
Selected Ticket ID-> Friday Admission Ticket (AFR) - Easy Access]]>
            </line>
          </reporter-output>
        </test-method> <!-- testTop200 -->
        <test-method status="PASS" signature="updateTestRail(org.testng.ITestResult, java.lang.reflect.Method)[pri:0, instance:org.traveloka.experience.TopProductTest@27808f31]" name="updateTestRail" is-config="true" duration-ms="0" started-at="2019-05-27T14:25:28Z" finished-at="2019-05-27T14:25:28Z">
          <params>
            <param index="0">
              <value>
                <![CDATA[[TestResult name=testTop200 status=FAILURE method=TopProductTest.testTop200(java.lang.String, java.lang.String, java.lang.String)[pri:0, instance:org.traveloka.experience.TopProductTest@27808f31] output=PRODUCT -> Trans Studio Bandung Tickets - Easy Access
]]]>
              </value>
            </param>
            <param index="1">
              <value>
                <![CDATA[public void org.traveloka.experience.TopProductTest.testTop200(java.lang.String,java.lang.String,java.lang.String) throws java.lang.Exception]]>
              </value>
            </param>
          </params>
          <reporter-output>
          </reporter-output>
        </test-method> <!-- updateTestRail -->
        <test-method status="FAIL" signature="testTop200(java.lang.String, java.lang.String, java.lang.String)[pri:0, instance:org.traveloka.experience.TopProductTest@27808f31]" name="testTop200" duration-ms="2745" started-at="2019-05-27T14:25:28Z" description="Booking Page validations" data-provider="CSVReaderForExperience" finished-at="2019-05-27T14:25:31Z">
          <params>
            <param index="0">
              <value>
                <![CDATA[7]]>
              </value>
            </param>
            <param index="1">
              <value>
                <![CDATA[2001343185232]]>
              </value>
            </param>
            <param index="2">
              <value>
                <![CDATA[SnowBay Waterpark Tickets - Easy Access]]>
              </value>
            </param>
          </params>
          <exception class="java.lang.AssertionError">
            <message>
              <![CDATA[ Date is null]]>
            </message>
            <full-stacktrace>
              <![CDATA[java.lang.AssertionError:  Date is null
at org.traveloka.experience.TopProductTest.testTop200(TopProductTest.java:185)
at sun.reflect.NativeMethodAccessorImpl.invoke0(Native Method)
at sun.reflect.NativeMethodAccessorImpl.invoke(NativeMethodAccessorImpl.java:62)
at sun.reflect.DelegatingMethodAccessorImpl.invoke(DelegatingMethodAccessorImpl.java:43)
at java.lang.reflect.Method.invoke(Method.java:498)
at org.testng.internal.MethodInvocationHelper.invokeMethod(MethodInvocationHelper.java:124)
at org.testng.internal.Invoker.invokeMethod(Invoker.java:583)
at org.testng.internal.Invoker.invokeTestMethod(Invoker.java:719)
at org.testng.internal.Invoker.invokeTestMethods(Invoker.java:989)
at org.testng.internal.TestMethodWorker.invokeTestMethods(TestMethodWorker.java:125)
at org.testng.internal.TestMethodWorker.run(TestMethodWorker.java:109)
at java.util.concurrent.ThreadPoolExecutor.runWorker(ThreadPoolExecutor.java:1149)
at java.util.concurrent.ThreadPoolExecutor$Worker.run(ThreadPoolExecutor.java:624)
at java.lang.Thread.run(Thread.java:748)
]]>
            </full-stacktrace>
          </exception> <!-- java.lang.AssertionError -->
          <reporter-output>
            <line>
              <![CDATA[PRODUCT -> SnowBay Waterpark Tickets - Easy Access
]]>
            </line>
            <line>
              <![CDATA[Base URL: /en-id/v2/trip/booking/bookingPage]]>
            </line>
            <line>
              <![CDATA[Base URL: https://api.xpe.traveloka.com]]>
            </line>
            <line>
              <![CDATA[Final URL: https://api.xpe.traveloka.com/en-id/v2/experience/ticketList]]>
            </line>
            <line>
              <![CDATA[
FINAL REQUEST: ]]>
            </line>
            <line>
              <![CDATA[
{"fields":[],"data":{"experienceId":"2001343185232","currency":"IDR","searchId":"16NB865V6"},"context":{"tvLifetime":"RR8HsWZUS0ZTdRL37om0T4MJVCuOv6rW2/+scKxiklmxfyf3rFp+71IDJvcPZ3HX+NYh23H9Sj7L5kwf7ExnBR/+z6esq1KIMbZirOk5zYwKOIoALt9nBnQUjFSMGnA2609eA/R110nr10RR5pozD/ltRmJRe8HpE1MmIyUcfJKasU91bNERY+4M1oKXeEBrDMOYgLFZcPtnR0EAW6WkwlJuUFUgW5WRhl1/Br3kxIR+LuCndY0/o34AeWaVEHYLlUvJQkEWXTxmuVtyeNvEJVdrhNK/XI55frdH1RDzjUc=","tvSession":"aHiviipoLebGMEC5qT/rFyetKbMYkzNJ8Zllej/QGhD/yOoQvp48v/HiZJ+IGYwiDmK0YTDCDmC2zUld/Qioqh9rZbfhTTRkVbUX+oRKSdpHe/pxGsWbW7DewHshnZXWuWKGZhQXnkSKuw9tEMhSuE5UbSUIato/JXY2XcmOlO/OgJcxnfJbjDMGDQsiaJRdAtqABjwqMM+IqWJxy5hq0OKU28XEXAQY8JrV8T0EcjZ9ADziIr5DVfgYhro3TaGbpPeQA+09bsU6Okz/94cBcIXotMvo0DYaeoVbMCWkrVvtdodVP0MWKTEuxiej4a0EUEGP3rslrdc3qYxtUo8NkIXOF5soCsrh2lcEgdSEK+JMP/SPCxOBvJsADeaNdy4Q6FXfRIKqImYL59w3Hry/+C0+amYngzxntiXlhwcgaKdCaCV+zDcEyqdozEYoQQCKyrY//EkWL5E1xS16Njf3J+ivKbGHJMQJv2Ys2AqF10BowBu7if1NmbUocwvPseBF3WGlnSOcmvWmaBAeRxrpnnvXM3DUlf0vqkPqNnA20pptvv6ifF39t1qpCuyUWlKQ"},"clientInterface":"mobile-iOS"}]]>
            </line>
            <line>
              <![CDATA[--------------]]>
            </line>
            <line>
              <![CDATA[
=================
Selected Ticket ID-> PROMO Ramadan All Day Ticket]]>
            </line>
            <line>
              <![CDATA[Date Selected: 28/5/2019]]>
            </line>
            <line>
              <![CDATA[FINAL REQUEST: {"fields":[],"data":{"addOnProductSpecs":[],"currency":"IDR","selectedPrice":{"selectedPrice":{"amount":100000,"currency":"IDR","nullOrEmpty":false}},"selectedProductSpec":{"experienceBookingPageSpec":{"experienceBookingTicketEntranceType":[{"identifier":"PAX","number":"2","totalPrice":{"currencyValue":{"amount":"50000","currency":"IDR","nullOrEmpty":false},"numOfDecimalPoint":"0"}}],"experienceId":"2001343185232","providerId":"axes","searchId":"867asd7","selectedTimeSlot":{"label":"All-day Pass","timeSlotId":"0"},"ticketId":"100252.EXP.1.34753","selectedDate":{"day":"28","month":"5","year":"2019"}},"productType":"EXPERIENCE"},"trackingSpec":{"contexts":{},"searchId":"469JD9WQQ"}},"context":{"tvLifetime":"RR8HsWZUS0ZTdRL37om0T4MJVCuOv6rW2/+scKxiklmxfyf3rFp+71IDJvcPZ3HX+NYh23H9Sj7L5kwf7ExnBR/+z6esq1KIMbZirOk5zYwKOIoALt9nBnQUjFSMGnA2609eA/R110nr10RR5pozD/ltRmJRe8HpE1MmIyUcfJKasU91bNERY+4M1oKXeEBrDMOYgLFZcPtnR0EAW6WkwlJuUFUgW5WRhl1/Br3kxIR+LuCndY0/o34AeWaVEHYLlUvJQkEWXTxmuVtyeNvEJVdrhNK/XI55frdH1RDzjUc=","tvSession":"aHiviipoLebGMEC5qT/rFyetKbMYkzNJ8Zllej/QGhD/yOoQvp48v/HiZJ+IGYwiDmK0YTDCDmC2zUld/Qioqh9rZbfhTTRkVbUX+oRKSdpHe/pxGsWbW7DewHshnZXWuWKGZhQXnkSKuw9tEMhSuE5UbSUIato/JXY2XcmOlO/OgJcxnfJbjDMGDQsiaJRdAtqABjwqMM+IqWJxy5hq0OKU28XEXAQY8JrV8T0EcjZ9ADziIr5DVfgYhro3TaGbpPeQA+09bsU6Okz/94cBcIXotMvo0DYaeoVbMCWkrVvtdodVP0MWKTEuxiej4a0EUEGP3rslrdc3qYxtUo8NkIXOF5soCsrh2lcEgdSEK+JMP/SPCxOBvJsADeaNdy4Q6FXfRIKqImYL59w3Hry/+C0+amYngzxntiXlhwcgaKdCaCV+zDcEyqdozEYoQQCKyrY//EkWL5E1xS16Njf3J+ivKbGHJMQJv2Ys2AqF10BowBu7if1NmbUocwvPseBF3WGlnSOcmvWmaBAeRxrpnnvXM3DUlf0vqkPqNnA20pptvv6ifF39t1qpCuyUWlKQ"},"clientInterface":"mobile-iOS"}]]>
            </line>
            <line>
              <![CDATA[Base URL: https://api.trp.traveloka.com]]>
            </line>
            <line>
              <![CDATA[Final URL: https://api.trp.traveloka.com/en-id/v2/trip/booking/bookingPage]]>
            </line>
            <line>
              <![CDATA[
FINAL REQUEST: ]]>
            </line>
            <line>
              <![CDATA[
{"fields":[],"data":{"addOnProductSpecs":[],"currency":"IDR","selectedPrice":{"selectedPrice":{"amount":100000,"currency":"IDR","nullOrEmpty":false}},"selectedProductSpec":{"experienceBookingPageSpec":{"experienceBookingTicketEntranceType":[{"identifier":"PAX","number":"2","totalPrice":{"currencyValue":{"amount":"50000","currency":"IDR","nullOrEmpty":false},"numOfDecimalPoint":"0"}}],"experienceId":"2001343185232","providerId":"axes","searchId":"867asd7","selectedTimeSlot":{"label":"All-day Pass","timeSlotId":"0"},"ticketId":"100252.EXP.1.34753","selectedDate":{"day":"28","month":"5","year":"2019"}},"productType":"EXPERIENCE"},"trackingSpec":{"contexts":{},"searchId":"469JD9WQQ"}},"context":{"tvLifetime":"RR8HsWZUS0ZTdRL37om0T4MJVCuOv6rW2/+scKxiklmxfyf3rFp+71IDJvcPZ3HX+NYh23H9Sj7L5kwf7ExnBR/+z6esq1KIMbZirOk5zYwKOIoALt9nBnQUjFSMGnA2609eA/R110nr10RR5pozD/ltRmJRe8HpE1MmIyUcfJKasU91bNERY+4M1oKXeEBrDMOYgLFZcPtnR0EAW6WkwlJuUFUgW5WRhl1/Br3kxIR+LuCndY0/o34AeWaVEHYLlUvJQkEWXTxmuVtyeNvEJVdrhNK/XI55frdH1RDzjUc=","tvSession":"aHiviipoLebGMEC5qT/rFyetKbMYkzNJ8Zllej/QGhD/yOoQvp48v/HiZJ+IGYwiDmK0YTDCDmC2zUld/Qioqh9rZbfhTTRkVbUX+oRKSdpHe/pxGsWbW7DewHshnZXWuWKGZhQXnkSKuw9tEMhSuE5UbSUIato/JXY2XcmOlO/OgJcxnfJbjDMGDQsiaJRdAtqABjwqMM+IqWJxy5hq0OKU28XEXAQY8JrV8T0EcjZ9ADziIr5DVfgYhro3TaGbpPeQA+09bsU6Okz/94cBcIXotMvo0DYaeoVbMCWkrVvtdodVP0MWKTEuxiej4a0EUEGP3rslrdc3qYxtUo8NkIXOF5soCsrh2lcEgdSEK+JMP/SPCxOBvJsADeaNdy4Q6FXfRIKqImYL59w3Hry/+C0+amYngzxntiXlhwcgaKdCaCV+zDcEyqdozEYoQQCKyrY//EkWL5E1xS16Njf3J+ivKbGHJMQJv2Ys2AqF10BowBu7if1NmbUocwvPseBF3WGlnSOcmvWmaBAeRxrpnnvXM3DUlf0vqkPqNnA20pptvv6ifF39t1qpCuyUWlKQ"},"clientInterface":"mobile-iOS"}]]>
            </line>
            <line>
              <![CDATA[--------------]]>
            </line>
            <line>
              <![CDATA[Ticket Verification succeeded!! 
]]>
            </line>
            <line>
              <![CDATA[
=================
Selected Ticket ID-> Admission Ticket - Easy Access]]>
            </line>
          </reporter-output>
        </test-method> <!-- testTop200 -->
        <test-method status="PASS" signature="updateTestRail(org.testng.ITestResult, java.lang.reflect.Method)[pri:0, instance:org.traveloka.experience.TopProductTest@27808f31]" name="updateTestRail" is-config="true" duration-ms="0" started-at="2019-05-27T14:25:31Z" finished-at="2019-05-27T14:25:31Z">
          <params>
            <param index="0">
              <value>
                <![CDATA[[TestResult name=testTop200 status=FAILURE method=TopProductTest.testTop200(java.lang.String, java.lang.String, java.lang.String)[pri:0, instance:org.traveloka.experience.TopProductTest@27808f31] output=PRODUCT -> SnowBay Waterpark Tickets - Easy Access
]]]>
              </value>
            </param>
            <param index="1">
              <value>
                <![CDATA[public void org.traveloka.experience.TopProductTest.testTop200(java.lang.String,java.lang.String,java.lang.String) throws java.lang.Exception]]>
              </value>
            </param>
          </params>
          <reporter-output>
          </reporter-output>
        </test-method> <!-- updateTestRail -->
        <test-method status="PASS" signature="afterSuite()[pri:0, instance:org.traveloka.experience.TopProductTest@27808f31]" name="afterSuite" is-config="true" duration-ms="172" started-at="2019-05-27T14:25:31Z" finished-at="2019-05-27T14:25:31Z">
          <reporter-output>
          </reporter-output>
        </test-method> <!-- afterSuite -->
      </class> <!-- org.traveloka.experience.TopProductTest -->
    </test> <!-- Test -->
  </suite> <!-- Suite -->
</testng-results>
