<?xml version="1.0" encoding="UTF-8"?>
<testng-results skipped="0" failed="0" total="2" passed="2">
  <reporter-output>
    <line>
      <![CDATA[---->>>>>> Working Directory = /Users/yogesh/Documents/kubric-backend-test <<<<<<----]]>
    </line>
    <line>
      <![CDATA[Base URL: https://api.kubric.io]]>
    </line>
    <line>
      <![CDATA[Endpoint: /api/v1/inference/campaign/76f99b23-a761-4012-8812-fa1ef1aeef8c]]>
    </line>
    <line>
      <![CDATA[
FINAL REQUEST: ]]>
    </line>
    <line>
      <![CDATA[--------------]]>
    </line>
    <line>
      <![CDATA[
{"data":[{"booking_id":"23899","city_name":"Lucknow","restaurant_name":"Burger Point","desc":"Free CHILLI GARLIC POPS 6 PCS on"},{"booking_id":" ","city_name":"Aurangabad","restaurant_name":"Cafe Bakers","desc":"20% off on all orders"},{"booking_id":"23899","city_name":"Lucknow","restaurant_name":"Burger Point","desc":"Free CHILLI GARLIC POPS 6 PCS","image_desc":"Burger"}],"bindings":[{"heading_line1":{"default":"Choose the best \n Be the best","shouldParametrize":true,"meta":{"colId":"s1/heading_line1","colIndex":1,"colTitle":"shot 1:shot6_subtitle"},"type":"text","title":"s1/heading_line1"},"heading_line2":{"default":"BREATHABLE MESH","shouldParametrize":true,"meta":{"colId":"s1/heading_line2","colIndex":2,"colTitle":"shot 1:shot2_techcaption"},"type":"text","title":"s1/heading_line2"},"subheading_text":{"default":"BREATHABLE MESH","shouldParametrize":true,"meta":{"colId":"s1/subheading_text","colIndex":3,"colTitle":"shot 1:shot2_techcaption"},"type":"text","title":"s1/subheading_text"}}]}]]>
    </line>
    <line>
      <![CDATA[RESPONSE : ]]>
    </line>
    <line>
      <![CDATA[{"task_id": "b0f17357-ff38-462b-949f-212c3560f982", "campaign_id": "76f99b23-a761-4012-8812-fa1ef1aeef8c"}
]]>
    </line>
    <line>
      <![CDATA[---->>>>>> Working Directory = /Users/yogesh/Documents/kubric-backend-test <<<<<<----]]>
    </line>
    <line>
      <![CDATA[Base URL: https://api.kubric.io]]>
    </line>
    <line>
      <![CDATA[Endpoint: api/v1/collage/task/dc0d50ec-109f-4bab-9b76-6c1b653d00fb]]>
    </line>
    <line>
      <![CDATA[
FINAL REQUEST: ]]>
    </line>
    <line>
      <![CDATA[--------------]]>
    </line>
    <line>
      <![CDATA[RESPONSE : ]]>
    </line>
    <line>
      <![CDATA[{"created":"2019-09-27T10:34:07.651602+00:00","created_for":null,"firebase_ref_id":"/queue/tasks/maaz@kubric,io/-LpmHEmDRowTzsh7tKMK","flow_state":null,"message":"Finished","meta":{"input":{"campaign_id":"76f99b23-a761-4012-8812-fa1ef1aeef8c"}},"progress":100,"result":{"data":[{"bindings":[{"copy_input":"Free CHILLI GARLIC POPS 6 PCS on","fontsize_heading":"95","food_desc":["chilli garlic pops","chilli garlic"],"gradient_color":"#000000","heading_line1":"FLAVORFUL","heading_line2":"TRADITIONAL CHINESE","heading_line3":"","img_input":null,"logo_opacity":"0","subheading_text":"FROM BURGER POINT"}]},{"bindings":[{"copy_input":"20% off on all orders","fontsize_heading":"95","food_desc":"NA","gradient_color":"#000000","heading_line1":"","heading_line2":"GRAB 20% OFF!","heading_line3":"","img_input":null,"logo_opacity":"0","subheading_text":"FROM CAFE BAKERS"}]},{"bindings":[{"copy_input":"Free CHILLI GARLIC POPS 6 PCS","fontsize_heading":"95","food_desc":["chilli garlic pops","chilli garlic"],"gradient_color":"#000000","heading_line1":"LIP-SMACKING","heading_line2":"CHINESE OPTIONS","heading_line3":"","img_input":"Burger","logo_opacity":"0","subheading_text":"FROM BURGER POINT"}]}],"failed":0,"processed":3,"status":"success","total":3},"status":1,"title":null,"type":"preprocessing","uid":"dc0d50ec-109f-4bab-9b76-6c1b653d00fb","updated":"2019-09-27T10:34:16.337942+00:00","user":"maaz@kubric.io","workspace":null}
]]>
    </line>
  </reporter-output>
  <suite name="kubric-backend-test" duration-ms="9000" started-at="2019-10-01T20:16:06Z" finished-at="2019-10-01T20:16:15Z">
    <groups>
    </groups>
    <test name="kubric-backend-sanity-test" duration-ms="9000" started-at="2019-10-01T20:16:06Z" finished-at="2019-10-01T20:16:15Z">
      <class name="org.kubric.inference.service.TestInferenceService">
        <test-method status="PASS" signature="init()[pri:0, instance:org.kubric.inference.service.TestInferenceService@1b40d5f0]" name="init" is-config="true" duration-ms="434" started-at="2019-10-02T01:46:06Z" finished-at="2019-10-02T01:46:07Z">
          <reporter-output>
          </reporter-output>
        </test-method> <!-- init -->
        <test-method status="PASS" signature="testInferenceCampaign(java.lang.String)[pri:0, instance:org.kubric.inference.service.TestInferenceService@1b40d5f0]" name="testInferenceCampaign" duration-ms="6987" started-at="2019-10-02T01:46:07Z" description="Check to see if API is infering value and giving a task id   " data-provider="csv" finished-at="2019-10-02T01:46:14Z">
          <params>
            <param index="0">
              <value>
                <![CDATA[/api/v1/inference/campaign/76f99b23-a761-4012-8812-fa1ef1aeef8c]]>
              </value>
            </param>
          </params>
          <reporter-output>
            <line>
              <![CDATA[Base URL: https://api.kubric.io]]>
            </line>
            <line>
              <![CDATA[Endpoint: /api/v1/inference/campaign/76f99b23-a761-4012-8812-fa1ef1aeef8c]]>
            </line>
            <line>
              <![CDATA[
FINAL REQUEST: ]]>
            </line>
            <line>
              <![CDATA[--------------]]>
            </line>
            <line>
              <![CDATA[
{"data":[{"booking_id":"23899","city_name":"Lucknow","restaurant_name":"Burger Point","desc":"Free CHILLI GARLIC POPS 6 PCS on"},{"booking_id":" ","city_name":"Aurangabad","restaurant_name":"Cafe Bakers","desc":"20% off on all orders"},{"booking_id":"23899","city_name":"Lucknow","restaurant_name":"Burger Point","desc":"Free CHILLI GARLIC POPS 6 PCS","image_desc":"Burger"}],"bindings":[{"heading_line1":{"default":"Choose the best \n Be the best","shouldParametrize":true,"meta":{"colId":"s1/heading_line1","colIndex":1,"colTitle":"shot 1:shot6_subtitle"},"type":"text","title":"s1/heading_line1"},"heading_line2":{"default":"BREATHABLE MESH","shouldParametrize":true,"meta":{"colId":"s1/heading_line2","colIndex":2,"colTitle":"shot 1:shot2_techcaption"},"type":"text","title":"s1/heading_line2"},"subheading_text":{"default":"BREATHABLE MESH","shouldParametrize":true,"meta":{"colId":"s1/subheading_text","colIndex":3,"colTitle":"shot 1:shot2_techcaption"},"type":"text","title":"s1/subheading_text"}}]}]]>
            </line>
            <line>
              <![CDATA[RESPONSE : ]]>
            </line>
            <line>
              <![CDATA[{"task_id": "b0f17357-ff38-462b-949f-212c3560f982", "campaign_id": "76f99b23-a761-4012-8812-fa1ef1aeef8c"}
]]>
            </line>
          </reporter-output>
        </test-method> <!-- testInferenceCampaign -->
        <test-method status="PASS" signature="testInferenceTaskResult(java.lang.String)[pri:0, instance:org.kubric.inference.service.TestInferenceService@1b40d5f0]" name="testInferenceTaskResult" duration-ms="1568" started-at="2019-10-02T01:46:14Z" description="Check to see if you are able to get task inference result  " data-provider="csv" finished-at="2019-10-02T01:46:15Z">
          <params>
            <param index="0">
              <value>
                <![CDATA[api/v1/collage/task/dc0d50ec-109f-4bab-9b76-6c1b653d00fb]]>
              </value>
            </param>
          </params>
          <reporter-output>
            <line>
              <![CDATA[Base URL: https://api.kubric.io]]>
            </line>
            <line>
              <![CDATA[Endpoint: api/v1/collage/task/dc0d50ec-109f-4bab-9b76-6c1b653d00fb]]>
            </line>
            <line>
              <![CDATA[
FINAL REQUEST: ]]>
            </line>
            <line>
              <![CDATA[--------------]]>
            </line>
            <line>
              <![CDATA[RESPONSE : ]]>
            </line>
            <line>
              <![CDATA[{"created":"2019-09-27T10:34:07.651602+00:00","created_for":null,"firebase_ref_id":"/queue/tasks/maaz@kubric,io/-LpmHEmDRowTzsh7tKMK","flow_state":null,"message":"Finished","meta":{"input":{"campaign_id":"76f99b23-a761-4012-8812-fa1ef1aeef8c"}},"progress":100,"result":{"data":[{"bindings":[{"copy_input":"Free CHILLI GARLIC POPS 6 PCS on","fontsize_heading":"95","food_desc":["chilli garlic pops","chilli garlic"],"gradient_color":"#000000","heading_line1":"FLAVORFUL","heading_line2":"TRADITIONAL CHINESE","heading_line3":"","img_input":null,"logo_opacity":"0","subheading_text":"FROM BURGER POINT"}]},{"bindings":[{"copy_input":"20% off on all orders","fontsize_heading":"95","food_desc":"NA","gradient_color":"#000000","heading_line1":"","heading_line2":"GRAB 20% OFF!","heading_line3":"","img_input":null,"logo_opacity":"0","subheading_text":"FROM CAFE BAKERS"}]},{"bindings":[{"copy_input":"Free CHILLI GARLIC POPS 6 PCS","fontsize_heading":"95","food_desc":["chilli garlic pops","chilli garlic"],"gradient_color":"#000000","heading_line1":"LIP-SMACKING","heading_line2":"CHINESE OPTIONS","heading_line3":"","img_input":"Burger","logo_opacity":"0","subheading_text":"FROM BURGER POINT"}]}],"failed":0,"processed":3,"status":"success","total":3},"status":1,"title":null,"type":"preprocessing","uid":"dc0d50ec-109f-4bab-9b76-6c1b653d00fb","updated":"2019-09-27T10:34:16.337942+00:00","user":"maaz@kubric.io","workspace":null}
]]>
            </line>
          </reporter-output>
        </test-method> <!-- testInferenceTaskResult -->
      </class> <!-- org.kubric.inference.service.TestInferenceService -->
    </test> <!-- kubric-backend-sanity-test -->
  </suite> <!-- kubric-backend-test -->
</testng-results>
