<?xml version="1.0" encoding="UTF-8"?>
<!-- Generated by org.testng.reporters.JUnitXMLReporter -->
<testsuite hostname="yogeshs-MacBook-Pro.local" name="kubric-backend-test" tests="2" failures="0" timestamp="1 Oct 2019 20:04:35 GMT" time="0.024" errors="0">
  <testcase name="@BeforeClass init" time="0.0" classname="org.kubric.inference.service.TestInferenceService">
    <failure type="java.lang.NullPointerException">
      <![CDATA[java.lang.NullPointerException
	at org.kubric.inference.service.TestInferenceService.init(TestInferenceService.java:27)
... Removed 23 stack frames]]>
    </failure>
  </testcase> <!-- @BeforeClass init -->
  <testcase name="testInferenceCampaign" time="0.0" classname="org.kubric.inference.service.TestInferenceService">
    <skipped/>
  </testcase> <!-- testInferenceCampaign -->
  <testcase name="testInferenceTaskResult" time="0.0" classname="org.kubric.inference.service.TestInferenceService">
    <skipped/>
  </testcase> <!-- testInferenceTaskResult -->
</testsuite> <!-- kubric-backend-test -->
