<?xml version="1.0" encoding="UTF-8"?>
<!-- Generated by org.testng.reporters.JUnitXMLReporter -->
<testsuite hostname="yogeshs-MacBook-Pro.local" name="kubric-backend-sanity-test" tests="2" failures="0" timestamp="1 Oct 2019 20:16:15 GMT" time="9.0" errors="0">
  <testcase name="testInferenceCampaign" time="6.987" classname="org.kubric.inference.service.TestInferenceService"/>
  <testcase name="testInferenceTaskResult" time="1.568" classname="org.kubric.inference.service.TestInferenceService"/>
</testsuite> <!-- kubric-backend-sanity-test -->
